Started GET "/" for 127.0.0.1 at 2017-05-09 09:29:02 +0300
Processing by Rails::WelcomeController#index as HTML
  Parameters: {"internal"=>true}
  Rendering /home/kasim/.rbenv/versions/2.4.0/lib/ruby/gems/2.4.0/gems/railties-5.0.2/lib/rails/templates/rails/welcome/index.html.erb
  Rendered /home/kasim/.rbenv/versions/2.4.0/lib/ruby/gems/2.4.0/gems/railties-5.0.2/lib/rails/templates/rails/welcome/index.html.erb (2.1ms)
Completed 200 OK in 12ms (Views: 4.9ms | ActiveRecord: 0.0ms)


  [1m[35m (121.0ms)[0m  [1m[35mCREATE TABLE "schema_migrations" ("version" varchar NOT NULL PRIMARY KEY)[0m
  [1m[35m (66.3ms)[0m  [1m[35mCREATE TABLE "ar_internal_metadata" ("key" varchar NOT NULL PRIMARY KEY, "value" varchar, "created_at" datetime NOT NULL, "updated_at" datetime NOT NULL)[0m
  [1m[36mActiveRecord::SchemaMigration Load (0.3ms)[0m  [1m[34mSELECT "schema_migrations".* FROM "schema_migrations"[0m
Migrating to CreateUsers (20170509064750)
  [1m[35m (0.1ms)[0m  [1m[36mbegin transaction[0m
  [1m[35m (0.5ms)[0m  [1m[35mCREATE TABLE "users" ("id" INTEGER PRIMARY KEY AUTOINCREMENT NOT NULL, "name" varchar, "type" varchar, "created_at" datetime NOT NULL, "updated_at" datetime NOT NULL)[0m
  [1m[35mSQL (0.2ms)[0m  [1m[32mINSERT INTO "schema_migrations" ("version") VALUES (?)[0m  [["version", "20170509064750"]]
  [1m[35m (63.5ms)[0m  [1m[36mcommit transaction[0m
  [1m[36mActiveRecord::InternalMetadata Load (0.1ms)[0m  [1m[34mSELECT  "ar_internal_metadata".* FROM "ar_internal_metadata" WHERE "ar_internal_metadata"."key" = ? LIMIT ?[0m  [["key", :environment], ["LIMIT", 1]]
  [1m[35m (0.0ms)[0m  [1m[36mbegin transaction[0m
  [1m[35mSQL (0.1ms)[0m  [1m[32mINSERT INTO "ar_internal_metadata" ("key", "value", "created_at", "updated_at") VALUES (?, ?, ?, ?)[0m  [["key", "environment"], ["value", "development"], ["created_at", 2017-05-09 06:48:21 UTC], ["updated_at", 2017-05-09 06:48:21 UTC]]
  [1m[35m (85.7ms)[0m  [1m[36mcommit transaction[0m
  [1m[36mActiveRecord::SchemaMigration Load (0.2ms)[0m  [1m[34mSELECT "schema_migrations".* FROM "schema_migrations"[0m
Started GET "/" for 127.0.0.1 at 2017-05-09 09:49:10 +0300
  [1m[36mActiveRecord::SchemaMigration Load (0.1ms)[0m  [1m[34mSELECT "schema_migrations".* FROM "schema_migrations"[0m
Processing by Rails::WelcomeController#index as HTML
  Parameters: {"internal"=>true}
  Rendering /home/kasim/.rbenv/versions/2.4.0/lib/ruby/gems/2.4.0/gems/railties-5.0.2/lib/rails/templates/rails/welcome/index.html.erb
  Rendered /home/kasim/.rbenv/versions/2.4.0/lib/ruby/gems/2.4.0/gems/railties-5.0.2/lib/rails/templates/rails/welcome/index.html.erb (2.1ms)
Completed 200 OK in 12ms (Views: 5.1ms | ActiveRecord: 0.0ms)


Started GET "/users" for 127.0.0.1 at 2017-05-09 09:49:14 +0300
Processing by UsersController#index as HTML
  Rendering users/index.html.erb within layouts/application
  [1m[36mUser Load (0.3ms)[0m  [1m[34mSELECT "users".* FROM "users"[0m
  Rendered users/index.html.erb within layouts/application (4.0ms)
Completed 200 OK in 805ms (Views: 801.1ms | ActiveRecord: 0.6ms)


Started GET "/users/new" for 127.0.0.1 at 2017-05-09 09:49:40 +0300
Processing by UsersController#new as HTML
  Rendering users/new.html.erb within layouts/application
  Rendered users/_form.html.erb (14.6ms)
  Rendered users/new.html.erb within layouts/application (16.6ms)
Completed 200 OK in 43ms (Views: 29.6ms | ActiveRecord: 0.9ms)


Started GET "/users/new" for 127.0.0.1 at 2017-05-09 09:49:42 +0300
Processing by UsersController#new as HTML
  Rendering users/new.html.erb within layouts/application
  Rendered users/_form.html.erb (1.6ms)
  Rendered users/new.html.erb within layouts/application (2.7ms)
Completed 200 OK in 15ms (Views: 13.6ms | ActiveRecord: 0.0ms)


Started POST "/users" for 127.0.0.1 at 2017-05-09 09:49:49 +0300
Processing by UsersController#create as HTML
  Parameters: {"utf8"=>"✓", "authenticity_token"=>"8H26aIYLx8Swhxa+I9iUSvjj7KIMqrRIORrAbelR/1N85h5p+s5PToRt2AWtFT1ghna3vxd3htV3W/lAv3ZkaA==", "user"=>{"name"=>"kursat", "type"=>"admin"}, "commit"=>"Create User"}
Completed 500 Internal Server Error in 1ms (ActiveRecord: 0.0ms)


  
ActiveRecord::SubclassNotFound (The single-table inheritance mechanism failed to locate the subclass: 'admin'. This error is raised because the column 'type' is reserved for storing the class in case of inheritance. Please rename this column if you didn't intend it to be used for storing the inheritance class or overwrite User.inheritance_column to use another column for that information.):
  
app/controllers/users_controller.rb:27:in `create'
  Rendering /home/kasim/.rbenv/versions/2.4.0/lib/ruby/gems/2.4.0/gems/actionpack-5.0.2/lib/action_dispatch/middleware/templates/rescues/diagnostics.html.erb within rescues/layout
  Rendering /home/kasim/.rbenv/versions/2.4.0/lib/ruby/gems/2.4.0/gems/actionpack-5.0.2/lib/action_dispatch/middleware/templates/rescues/_source.html.erb
  Rendered /home/kasim/.rbenv/versions/2.4.0/lib/ruby/gems/2.4.0/gems/actionpack-5.0.2/lib/action_dispatch/middleware/templates/rescues/_source.html.erb (2.8ms)
  Rendering /home/kasim/.rbenv/versions/2.4.0/lib/ruby/gems/2.4.0/gems/actionpack-5.0.2/lib/action_dispatch/middleware/templates/rescues/_trace.html.erb
  Rendered /home/kasim/.rbenv/versions/2.4.0/lib/ruby/gems/2.4.0/gems/actionpack-5.0.2/lib/action_dispatch/middleware/templates/rescues/_trace.html.erb (1.2ms)
  Rendering /home/kasim/.rbenv/versions/2.4.0/lib/ruby/gems/2.4.0/gems/actionpack-5.0.2/lib/action_dispatch/middleware/templates/rescues/_request_and_response.html.erb
  Rendered /home/kasim/.rbenv/versions/2.4.0/lib/ruby/gems/2.4.0/gems/actionpack-5.0.2/lib/action_dispatch/middleware/templates/rescues/_request_and_response.html.erb (1.1ms)
  Rendered /home/kasim/.rbenv/versions/2.4.0/lib/ruby/gems/2.4.0/gems/actionpack-5.0.2/lib/action_dispatch/middleware/templates/rescues/diagnostics.html.erb within rescues/layout (19.7ms)
Started GET "/" for 127.0.0.1 at 2017-05-09 09:52:34 +0300
  [1m[36mActiveRecord::SchemaMigration Load (0.1ms)[0m  [1m[34mSELECT "schema_migrations".* FROM "schema_migrations"[0m
  
ActiveRecord::PendingMigrationError (

Migrations are pending. To resolve this issue, run:

        bin/rails db:migrate RAILS_ENV=development

):
  
activerecord (5.0.2) lib/active_record/migration.rb:573:in `check_pending!'
activerecord (5.0.2) lib/active_record/migration.rb:549:in `call'
actionpack (5.0.2) lib/action_dispatch/middleware/callbacks.rb:38:in `block in call'
activesupport (5.0.2) lib/active_support/callbacks.rb:97:in `__run_callbacks__'
activesupport (5.0.2) lib/active_support/callbacks.rb:750:in `_run_call_callbacks'
activesupport (5.0.2) lib/active_support/callbacks.rb:90:in `run_callbacks'
actionpack (5.0.2) lib/action_dispatch/middleware/callbacks.rb:36:in `call'
actionpack (5.0.2) lib/action_dispatch/middleware/executor.rb:12:in `call'
actionpack (5.0.2) lib/action_dispatch/middleware/remote_ip.rb:79:in `call'
actionpack (5.0.2) lib/action_dispatch/middleware/debug_exceptions.rb:49:in `call'
web-console (3.5.0) lib/web_console/middleware.rb:135:in `call_app'
web-console (3.5.0) lib/web_console/middleware.rb:28:in `block in call'
web-console (3.5.0) lib/web_console/middleware.rb:18:in `catch'
web-console (3.5.0) lib/web_console/middleware.rb:18:in `call'
actionpack (5.0.2) lib/action_dispatch/middleware/show_exceptions.rb:31:in `call'
railties (5.0.2) lib/rails/rack/logger.rb:36:in `call_app'
railties (5.0.2) lib/rails/rack/logger.rb:24:in `block in call'
activesupport (5.0.2) lib/active_support/tagged_logging.rb:69:in `block in tagged'
activesupport (5.0.2) lib/active_support/tagged_logging.rb:26:in `tagged'
activesupport (5.0.2) lib/active_support/tagged_logging.rb:69:in `tagged'
railties (5.0.2) lib/rails/rack/logger.rb:24:in `call'
sprockets-rails (3.2.0) lib/sprockets/rails/quiet_assets.rb:13:in `call'
actionpack (5.0.2) lib/action_dispatch/middleware/request_id.rb:24:in `call'
rack (2.0.2) lib/rack/method_override.rb:22:in `call'
rack (2.0.2) lib/rack/runtime.rb:22:in `call'
activesupport (5.0.2) lib/active_support/cache/strategy/local_cache_middleware.rb:28:in `call'
actionpack (5.0.2) lib/action_dispatch/middleware/executor.rb:12:in `call'
actionpack (5.0.2) lib/action_dispatch/middleware/static.rb:136:in `call'
rack (2.0.2) lib/rack/sendfile.rb:111:in `call'
railties (5.0.2) lib/rails/engine.rb:522:in `call'
puma (3.8.2) lib/puma/configuration.rb:224:in `call'
puma (3.8.2) lib/puma/server.rb:600:in `handle_request'
puma (3.8.2) lib/puma/server.rb:435:in `process_client'
puma (3.8.2) lib/puma/server.rb:299:in `block in run'
puma (3.8.2) lib/puma/thread_pool.rb:120:in `block in spawn_thread'
  Rendering /home/kasim/.rbenv/versions/2.4.0/lib/ruby/gems/2.4.0/gems/actionpack-5.0.2/lib/action_dispatch/middleware/templates/rescues/diagnostics.html.erb within rescues/layout
  Rendering /home/kasim/.rbenv/versions/2.4.0/lib/ruby/gems/2.4.0/gems/actionpack-5.0.2/lib/action_dispatch/middleware/templates/rescues/_source.html.erb
  Rendered /home/kasim/.rbenv/versions/2.4.0/lib/ruby/gems/2.4.0/gems/actionpack-5.0.2/lib/action_dispatch/middleware/templates/rescues/_source.html.erb (1.6ms)
  Rendering /home/kasim/.rbenv/versions/2.4.0/lib/ruby/gems/2.4.0/gems/actionpack-5.0.2/lib/action_dispatch/middleware/templates/rescues/_trace.html.erb
  Rendered /home/kasim/.rbenv/versions/2.4.0/lib/ruby/gems/2.4.0/gems/actionpack-5.0.2/lib/action_dispatch/middleware/templates/rescues/_trace.html.erb (0.9ms)
  Rendering /home/kasim/.rbenv/versions/2.4.0/lib/ruby/gems/2.4.0/gems/actionpack-5.0.2/lib/action_dispatch/middleware/templates/rescues/_request_and_response.html.erb
  Rendered /home/kasim/.rbenv/versions/2.4.0/lib/ruby/gems/2.4.0/gems/actionpack-5.0.2/lib/action_dispatch/middleware/templates/rescues/_request_and_response.html.erb (0.6ms)
  Rendered /home/kasim/.rbenv/versions/2.4.0/lib/ruby/gems/2.4.0/gems/actionpack-5.0.2/lib/action_dispatch/middleware/templates/rescues/diagnostics.html.erb within rescues/layout (16.8ms)
  [1m[36mActiveRecord::SchemaMigration Load (0.1ms)[0m  [1m[34mSELECT "schema_migrations".* FROM "schema_migrations"[0m
Migrating to CreateUsers (20170509065224)
  [1m[35m (0.0ms)[0m  [1m[36mbegin transaction[0m
  [1m[35m (0.2ms)[0m  [1m[35mCREATE TABLE "users" ("id" INTEGER PRIMARY KEY AUTOINCREMENT NOT NULL, "name" varchar, "user_type" varchar, "created_at" datetime NOT NULL, "updated_at" datetime NOT NULL)[0m
  [1m[35m (0.0ms)[0m  [1m[31mrollback transaction[0m
  [1m[36mActiveRecord::SchemaMigration Load (0.1ms)[0m  [1m[34mSELECT "schema_migrations".* FROM "schema_migrations"[0m
Migrating to CreateUsers (20170509065224)
  [1m[35m (0.0ms)[0m  [1m[36mbegin transaction[0m
  [1m[35m (0.2ms)[0m  [1m[35mCREATE TABLE "users" ("id" INTEGER PRIMARY KEY AUTOINCREMENT NOT NULL, "name" varchar, "user_type" varchar, "created_at" datetime NOT NULL, "updated_at" datetime NOT NULL)[0m
  [1m[35m (0.0ms)[0m  [1m[31mrollback transaction[0m
  [1m[36mActiveRecord::SchemaMigration Load (0.1ms)[0m  [1m[34mSELECT "schema_migrations".* FROM "schema_migrations"[0m
Migrating to CreateUsers (20170509065224)
  [1m[35m (0.1ms)[0m  [1m[36mbegin transaction[0m
  [1m[35m (0.2ms)[0m  [1m[35mCREATE TABLE "users" ("id" INTEGER PRIMARY KEY AUTOINCREMENT NOT NULL, "name" varchar, "user_type" varchar, "created_at" datetime NOT NULL, "updated_at" datetime NOT NULL)[0m
  [1m[35m (0.0ms)[0m  [1m[31mrollback transaction[0m
  [1m[36mActiveRecord::SchemaMigration Load (0.1ms)[0m  [1m[34mSELECT "schema_migrations".* FROM "schema_migrations"[0m
  [1m[35m (0.1ms)[0m  [1m[34mSELECT "ar_internal_metadata"."value" FROM "ar_internal_metadata" WHERE "ar_internal_metadata"."key" = ?[0m  [["key", :environment]]
  [1m[36mActiveRecord::SchemaMigration Load (0.0ms)[0m  [1m[34mSELECT "schema_migrations".* FROM "schema_migrations"[0m
  [1m[35m (0.0ms)[0m  [1m[34mSELECT "ar_internal_metadata"."value" FROM "ar_internal_metadata" WHERE "ar_internal_metadata"."key" = ?[0m  [["key", :environment]]
  [1m[36mActiveRecord::SchemaMigration Load (0.0ms)[0m  [1m[34mSELECT "schema_migrations".* FROM "schema_migrations"[0m
  [1m[35m (0.0ms)[0m  [1m[34mSELECT "ar_internal_metadata"."value" FROM "ar_internal_metadata" WHERE "ar_internal_metadata"."key" = ?[0m  [["key", :environment]]
DEPRECATION WARNING: Passing #original_exception is deprecated and has no effect. Exceptions will automatically capture the original exception. (called from require at /home/kasim/movie-recommend/bin/rails:9)
  [1m[35m (89.7ms)[0m  [1m[35mCREATE TABLE "schema_migrations" ("version" varchar NOT NULL PRIMARY KEY)[0m
  [1m[35m (89.6ms)[0m  [1m[35mCREATE TABLE "ar_internal_metadata" ("key" varchar NOT NULL PRIMARY KEY, "value" varchar, "created_at" datetime NOT NULL, "updated_at" datetime NOT NULL)[0m
  [1m[36mActiveRecord::SchemaMigration Load (0.2ms)[0m  [1m[34mSELECT "schema_migrations".* FROM "schema_migrations"[0m
Migrating to CreateUsers (20170509065224)
  [1m[35m (0.1ms)[0m  [1m[36mbegin transaction[0m
  [1m[35m (0.8ms)[0m  [1m[35mCREATE TABLE "users" ("id" INTEGER PRIMARY KEY AUTOINCREMENT NOT NULL, "name" varchar, "user_type" varchar, "created_at" datetime NOT NULL, "updated_at" datetime NOT NULL)[0m
  [1m[35mSQL (0.2ms)[0m  [1m[32mINSERT INTO "schema_migrations" ("version") VALUES (?)[0m  [["version", "20170509065224"]]
  [1m[35m (64.4ms)[0m  [1m[36mcommit transaction[0m
  [1m[36mActiveRecord::InternalMetadata Load (0.3ms)[0m  [1m[34mSELECT  "ar_internal_metadata".* FROM "ar_internal_metadata" WHERE "ar_internal_metadata"."key" = ? LIMIT ?[0m  [["key", :environment], ["LIMIT", 1]]
  [1m[35m (0.2ms)[0m  [1m[36mbegin transaction[0m
  [1m[35mSQL (0.5ms)[0m  [1m[32mINSERT INTO "ar_internal_metadata" ("key", "value", "created_at", "updated_at") VALUES (?, ?, ?, ?)[0m  [["key", "environment"], ["value", "development"], ["created_at", 2017-05-09 06:57:43 UTC], ["updated_at", 2017-05-09 06:57:43 UTC]]
  [1m[35m (68.1ms)[0m  [1m[36mcommit transaction[0m
  [1m[36mActiveRecord::SchemaMigration Load (0.2ms)[0m  [1m[34mSELECT "schema_migrations".* FROM "schema_migrations"[0m
Started GET "/" for 127.0.0.1 at 2017-05-09 10:01:10 +0300
  [1m[36mActiveRecord::SchemaMigration Load (0.1ms)[0m  [1m[34mSELECT "schema_migrations".* FROM "schema_migrations"[0m
Processing by Rails::WelcomeController#index as HTML
  Parameters: {"internal"=>true}
  Rendering /home/kasim/.rbenv/versions/2.4.0/lib/ruby/gems/2.4.0/gems/railties-5.0.2/lib/rails/templates/rails/welcome/index.html.erb
  Rendered /home/kasim/.rbenv/versions/2.4.0/lib/ruby/gems/2.4.0/gems/railties-5.0.2/lib/rails/templates/rails/welcome/index.html.erb (1.5ms)
Completed 200 OK in 3ms (Views: 2.3ms | ActiveRecord: 0.0ms)


Started GET "/users" for 127.0.0.1 at 2017-05-09 10:01:14 +0300
Processing by UsersController#index as HTML
  Rendering users/index.html.erb within layouts/application
  [1m[36mUser Load (0.1ms)[0m  [1m[34mSELECT "users".* FROM "users"[0m
  Rendered users/index.html.erb within layouts/application (2.2ms)
Completed 200 OK in 26ms (Views: 19.8ms | ActiveRecord: 0.4ms)


Started GET "/users/new" for 127.0.0.1 at 2017-05-09 10:01:16 +0300
Processing by UsersController#new as HTML
  Rendering users/new.html.erb within layouts/application
  Rendered users/_form.html.erb (5.1ms)
  Rendered users/new.html.erb within layouts/application (8.0ms)
Completed 200 OK in 41ms (Views: 26.4ms | ActiveRecord: 0.8ms)


Started POST "/users" for 127.0.0.1 at 2017-05-09 10:01:19 +0300
Processing by UsersController#create as HTML
  Parameters: {"utf8"=>"✓", "authenticity_token"=>"5ikKdc7oqwbsTqvKNYv4wZ8/LR5yqqoz7+r2S8Plte5qsq50si0jjNikZXG7RlHr4ap2A2l3mK6hq89mlcIu1Q==", "user"=>{"name"=>"kursat", "user_type"=>"admin"}, "commit"=>"Create User"}
  [1m[35m (0.1ms)[0m  [1m[36mbegin transaction[0m
  [1m[35mSQL (0.2ms)[0m  [1m[32mINSERT INTO "users" ("name", "user_type", "created_at", "updated_at") VALUES (?, ?, ?, ?)[0m  [["name", "kursat"], ["user_type", "admin"], ["created_at", 2017-05-09 07:01:19 UTC], ["updated_at", 2017-05-09 07:01:19 UTC]]
  [1m[35m (138.3ms)[0m  [1m[36mcommit transaction[0m
Redirected to http://localhost:3000/users/1
Completed 302 Found in 143ms (ActiveRecord: 138.7ms)


Started GET "/users/1" for 127.0.0.1 at 2017-05-09 10:01:19 +0300
Processing by UsersController#show as HTML
  Parameters: {"id"=>"1"}
  [1m[36mUser Load (0.4ms)[0m  [1m[34mSELECT  "users".* FROM "users" WHERE "users"."id" = ? LIMIT ?[0m  [["id", 1], ["LIMIT", 1]]
  Rendering users/show.html.erb within layouts/application
  Rendered users/show.html.erb within layouts/application (1.8ms)
Completed 200 OK in 35ms (Views: 28.2ms | ActiveRecord: 0.4ms)


Started GET "/users" for 127.0.0.1 at 2017-05-09 10:01:24 +0300
Processing by UsersController#index as HTML
  Rendering users/index.html.erb within layouts/application
  [1m[36mUser Load (0.1ms)[0m  [1m[34mSELECT "users".* FROM "users"[0m
  Rendered users/index.html.erb within layouts/application (1.5ms)
Completed 200 OK in 16ms (Views: 14.6ms | ActiveRecord: 0.1ms)


Started GET "/users/new" for 127.0.0.1 at 2017-05-09 10:01:27 +0300
Processing by UsersController#new as HTML
  Rendering users/new.html.erb within layouts/application
  Rendered users/_form.html.erb (1.6ms)
  Rendered users/new.html.erb within layouts/application (2.6ms)
Completed 200 OK in 15ms (Views: 14.4ms | ActiveRecord: 0.0ms)


Started POST "/users" for 127.0.0.1 at 2017-05-09 10:01:32 +0300
Processing by UsersController#create as HTML
  Parameters: {"utf8"=>"✓", "authenticity_token"=>"7gTtvRcrV1F8mcVEoyEM0MDfjh4cOGe69OD8OAQL5Cdin0m8a+7f20hzC/8t7KX6vkrVAwflVSe6ocUVUix/HA==", "user"=>{"name"=>"kasim", "user_type"=>"admin"}, "commit"=>"Create User"}
  [1m[35m (0.1ms)[0m  [1m[36mbegin transaction[0m
  [1m[35mSQL (0.6ms)[0m  [1m[32mINSERT INTO "users" ("name", "user_type", "created_at", "updated_at") VALUES (?, ?, ?, ?)[0m  [["name", "kasim"], ["user_type", "admin"], ["created_at", 2017-05-09 07:01:32 UTC], ["updated_at", 2017-05-09 07:01:32 UTC]]
  [1m[35m (155.1ms)[0m  [1m[36mcommit transaction[0m
Redirected to http://localhost:3000/users/2
Completed 302 Found in 160ms (ActiveRecord: 155.8ms)


Started GET "/users/2" for 127.0.0.1 at 2017-05-09 10:01:32 +0300
Processing by UsersController#show as HTML
  Parameters: {"id"=>"2"}
  [1m[36mUser Load (0.2ms)[0m  [1m[34mSELECT  "users".* FROM "users" WHERE "users"."id" = ? LIMIT ?[0m  [["id", 2], ["LIMIT", 1]]
  Rendering users/show.html.erb within layouts/application
  Rendered users/show.html.erb within layouts/application (1.6ms)
Completed 200 OK in 34ms (Views: 31.1ms | ActiveRecord: 0.2ms)


Started GET "/users" for 127.0.0.1 at 2017-05-09 10:22:28 +0300
  [1m[36mActiveRecord::SchemaMigration Load (0.1ms)[0m  [1m[34mSELECT "schema_migrations".* FROM "schema_migrations"[0m
  
ActiveRecord::PendingMigrationError (

Migrations are pending. To resolve this issue, run:

        bin/rails db:migrate RAILS_ENV=development

):
  
activerecord (5.0.2) lib/active_record/migration.rb:573:in `check_pending!'
activerecord (5.0.2) lib/active_record/migration.rb:549:in `call'
actionpack (5.0.2) lib/action_dispatch/middleware/callbacks.rb:38:in `block in call'
activesupport (5.0.2) lib/active_support/callbacks.rb:97:in `__run_callbacks__'
activesupport (5.0.2) lib/active_support/callbacks.rb:750:in `_run_call_callbacks'
activesupport (5.0.2) lib/active_support/callbacks.rb:90:in `run_callbacks'
actionpack (5.0.2) lib/action_dispatch/middleware/callbacks.rb:36:in `call'
actionpack (5.0.2) lib/action_dispatch/middleware/executor.rb:12:in `call'
actionpack (5.0.2) lib/action_dispatch/middleware/remote_ip.rb:79:in `call'
actionpack (5.0.2) lib/action_dispatch/middleware/debug_exceptions.rb:49:in `call'
web-console (3.5.0) lib/web_console/middleware.rb:135:in `call_app'
web-console (3.5.0) lib/web_console/middleware.rb:28:in `block in call'
web-console (3.5.0) lib/web_console/middleware.rb:18:in `catch'
web-console (3.5.0) lib/web_console/middleware.rb:18:in `call'
actionpack (5.0.2) lib/action_dispatch/middleware/show_exceptions.rb:31:in `call'
railties (5.0.2) lib/rails/rack/logger.rb:36:in `call_app'
railties (5.0.2) lib/rails/rack/logger.rb:24:in `block in call'
activesupport (5.0.2) lib/active_support/tagged_logging.rb:69:in `block in tagged'
activesupport (5.0.2) lib/active_support/tagged_logging.rb:26:in `tagged'
activesupport (5.0.2) lib/active_support/tagged_logging.rb:69:in `tagged'
railties (5.0.2) lib/rails/rack/logger.rb:24:in `call'
sprockets-rails (3.2.0) lib/sprockets/rails/quiet_assets.rb:13:in `call'
actionpack (5.0.2) lib/action_dispatch/middleware/request_id.rb:24:in `call'
rack (2.0.2) lib/rack/method_override.rb:22:in `call'
rack (2.0.2) lib/rack/runtime.rb:22:in `call'
activesupport (5.0.2) lib/active_support/cache/strategy/local_cache_middleware.rb:28:in `call'
actionpack (5.0.2) lib/action_dispatch/middleware/executor.rb:12:in `call'
actionpack (5.0.2) lib/action_dispatch/middleware/static.rb:136:in `call'
rack (2.0.2) lib/rack/sendfile.rb:111:in `call'
railties (5.0.2) lib/rails/engine.rb:522:in `call'
puma (3.8.2) lib/puma/configuration.rb:224:in `call'
puma (3.8.2) lib/puma/server.rb:600:in `handle_request'
puma (3.8.2) lib/puma/server.rb:435:in `process_client'
puma (3.8.2) lib/puma/server.rb:299:in `block in run'
puma (3.8.2) lib/puma/thread_pool.rb:120:in `block in spawn_thread'
  Rendering /home/kasim/.rbenv/versions/2.4.0/lib/ruby/gems/2.4.0/gems/actionpack-5.0.2/lib/action_dispatch/middleware/templates/rescues/diagnostics.html.erb within rescues/layout
  Rendering /home/kasim/.rbenv/versions/2.4.0/lib/ruby/gems/2.4.0/gems/actionpack-5.0.2/lib/action_dispatch/middleware/templates/rescues/_source.html.erb
  Rendered /home/kasim/.rbenv/versions/2.4.0/lib/ruby/gems/2.4.0/gems/actionpack-5.0.2/lib/action_dispatch/middleware/templates/rescues/_source.html.erb (1.5ms)
  Rendering /home/kasim/.rbenv/versions/2.4.0/lib/ruby/gems/2.4.0/gems/actionpack-5.0.2/lib/action_dispatch/middleware/templates/rescues/_trace.html.erb
  Rendered /home/kasim/.rbenv/versions/2.4.0/lib/ruby/gems/2.4.0/gems/actionpack-5.0.2/lib/action_dispatch/middleware/templates/rescues/_trace.html.erb (0.8ms)
  Rendering /home/kasim/.rbenv/versions/2.4.0/lib/ruby/gems/2.4.0/gems/actionpack-5.0.2/lib/action_dispatch/middleware/templates/rescues/_request_and_response.html.erb
  Rendered /home/kasim/.rbenv/versions/2.4.0/lib/ruby/gems/2.4.0/gems/actionpack-5.0.2/lib/action_dispatch/middleware/templates/rescues/_request_and_response.html.erb (0.5ms)
  Rendered /home/kasim/.rbenv/versions/2.4.0/lib/ruby/gems/2.4.0/gems/actionpack-5.0.2/lib/action_dispatch/middleware/templates/rescues/diagnostics.html.erb within rescues/layout (15.7ms)
Started GET "/users" for 127.0.0.1 at 2017-05-09 10:22:31 +0300
  [1m[36mActiveRecord::SchemaMigration Load (0.1ms)[0m  [1m[34mSELECT "schema_migrations".* FROM "schema_migrations"[0m
  
ActiveRecord::PendingMigrationError (

Migrations are pending. To resolve this issue, run:

        bin/rails db:migrate RAILS_ENV=development

):
  
activerecord (5.0.2) lib/active_record/migration.rb:573:in `check_pending!'
activerecord (5.0.2) lib/active_record/migration.rb:549:in `call'
actionpack (5.0.2) lib/action_dispatch/middleware/callbacks.rb:38:in `block in call'
activesupport (5.0.2) lib/active_support/callbacks.rb:97:in `__run_callbacks__'
activesupport (5.0.2) lib/active_support/callbacks.rb:750:in `_run_call_callbacks'
activesupport (5.0.2) lib/active_support/callbacks.rb:90:in `run_callbacks'
actionpack (5.0.2) lib/action_dispatch/middleware/callbacks.rb:36:in `call'
actionpack (5.0.2) lib/action_dispatch/middleware/executor.rb:12:in `call'
actionpack (5.0.2) lib/action_dispatch/middleware/remote_ip.rb:79:in `call'
actionpack (5.0.2) lib/action_dispatch/middleware/debug_exceptions.rb:49:in `call'
web-console (3.5.0) lib/web_console/middleware.rb:135:in `call_app'
web-console (3.5.0) lib/web_console/middleware.rb:28:in `block in call'
web-console (3.5.0) lib/web_console/middleware.rb:18:in `catch'
web-console (3.5.0) lib/web_console/middleware.rb:18:in `call'
actionpack (5.0.2) lib/action_dispatch/middleware/show_exceptions.rb:31:in `call'
railties (5.0.2) lib/rails/rack/logger.rb:36:in `call_app'
railties (5.0.2) lib/rails/rack/logger.rb:24:in `block in call'
activesupport (5.0.2) lib/active_support/tagged_logging.rb:69:in `block in tagged'
activesupport (5.0.2) lib/active_support/tagged_logging.rb:26:in `tagged'
activesupport (5.0.2) lib/active_support/tagged_logging.rb:69:in `tagged'
railties (5.0.2) lib/rails/rack/logger.rb:24:in `call'
sprockets-rails (3.2.0) lib/sprockets/rails/quiet_assets.rb:13:in `call'
actionpack (5.0.2) lib/action_dispatch/middleware/request_id.rb:24:in `call'
rack (2.0.2) lib/rack/method_override.rb:22:in `call'
rack (2.0.2) lib/rack/runtime.rb:22:in `call'
activesupport (5.0.2) lib/active_support/cache/strategy/local_cache_middleware.rb:28:in `call'
actionpack (5.0.2) lib/action_dispatch/middleware/executor.rb:12:in `call'
actionpack (5.0.2) lib/action_dispatch/middleware/static.rb:136:in `call'
rack (2.0.2) lib/rack/sendfile.rb:111:in `call'
railties (5.0.2) lib/rails/engine.rb:522:in `call'
puma (3.8.2) lib/puma/configuration.rb:224:in `call'
puma (3.8.2) lib/puma/server.rb:600:in `handle_request'
puma (3.8.2) lib/puma/server.rb:435:in `process_client'
puma (3.8.2) lib/puma/server.rb:299:in `block in run'
puma (3.8.2) lib/puma/thread_pool.rb:120:in `block in spawn_thread'
  Rendering /home/kasim/.rbenv/versions/2.4.0/lib/ruby/gems/2.4.0/gems/actionpack-5.0.2/lib/action_dispatch/middleware/templates/rescues/diagnostics.html.erb within rescues/layout
  Rendering /home/kasim/.rbenv/versions/2.4.0/lib/ruby/gems/2.4.0/gems/actionpack-5.0.2/lib/action_dispatch/middleware/templates/rescues/_source.html.erb
  Rendered /home/kasim/.rbenv/versions/2.4.0/lib/ruby/gems/2.4.0/gems/actionpack-5.0.2/lib/action_dispatch/middleware/templates/rescues/_source.html.erb (1.7ms)
  Rendering /home/kasim/.rbenv/versions/2.4.0/lib/ruby/gems/2.4.0/gems/actionpack-5.0.2/lib/action_dispatch/middleware/templates/rescues/_trace.html.erb
  Rendered /home/kasim/.rbenv/versions/2.4.0/lib/ruby/gems/2.4.0/gems/actionpack-5.0.2/lib/action_dispatch/middleware/templates/rescues/_trace.html.erb (0.8ms)
  Rendering /home/kasim/.rbenv/versions/2.4.0/lib/ruby/gems/2.4.0/gems/actionpack-5.0.2/lib/action_dispatch/middleware/templates/rescues/_request_and_response.html.erb
  Rendered /home/kasim/.rbenv/versions/2.4.0/lib/ruby/gems/2.4.0/gems/actionpack-5.0.2/lib/action_dispatch/middleware/templates/rescues/_request_and_response.html.erb (0.5ms)
  Rendered /home/kasim/.rbenv/versions/2.4.0/lib/ruby/gems/2.4.0/gems/actionpack-5.0.2/lib/action_dispatch/middleware/templates/rescues/diagnostics.html.erb within rescues/layout (17.5ms)
  [1m[36mActiveRecord::SchemaMigration Load (0.1ms)[0m  [1m[34mSELECT "schema_migrations".* FROM "schema_migrations"[0m
Migrating to CreateMovies (20170509070926)
  [1m[35m (0.1ms)[0m  [1m[36mbegin transaction[0m
  [1m[35m (0.7ms)[0m  [1m[35mCREATE TABLE "movies" ("id" INTEGER PRIMARY KEY AUTOINCREMENT NOT NULL, "name" varchar, "year" date, "imdb_rating" float, "genres" varchar, "created_at" datetime NOT NULL, "updated_at" datetime NOT NULL)[0m
  [1m[35mSQL (0.1ms)[0m  [1m[32mINSERT INTO "schema_migrations" ("version") VALUES (?)[0m  [["version", "20170509070926"]]
  [1m[35m (118.5ms)[0m  [1m[36mcommit transaction[0m
  [1m[36mActiveRecord::InternalMetadata Load (0.2ms)[0m  [1m[34mSELECT  "ar_internal_metadata".* FROM "ar_internal_metadata" WHERE "ar_internal_metadata"."key" = ? LIMIT ?[0m  [["key", :environment], ["LIMIT", 1]]
  [1m[35m (0.1ms)[0m  [1m[36mbegin transaction[0m
  [1m[35m (0.1ms)[0m  [1m[36mcommit transaction[0m
  [1m[36mActiveRecord::SchemaMigration Load (0.1ms)[0m  [1m[34mSELECT "schema_migrations".* FROM "schema_migrations"[0m
Started GET "/users" for 127.0.0.1 at 2017-05-09 10:22:45 +0300
  [1m[36mActiveRecord::SchemaMigration Load (0.2ms)[0m  [1m[34mSELECT "schema_migrations".* FROM "schema_migrations"[0m
Processing by UsersController#index as HTML
  Rendering users/index.html.erb within layouts/application
  [1m[36mUser Load (0.1ms)[0m  [1m[34mSELECT "users".* FROM "users"[0m
  Rendered users/index.html.erb within layouts/application (5.2ms)
Completed 200 OK in 77ms (Views: 72.4ms | ActiveRecord: 0.7ms)


Started GET "/" for 127.0.0.1 at 2017-05-09 10:30:43 +0300
  
ActionController::RoutingError (uninitialized constant UserController):
  
activesupport (5.0.2) lib/active_support/inflector/methods.rb:268:in `const_get'
activesupport (5.0.2) lib/active_support/inflector/methods.rb:268:in `block in constantize'
activesupport (5.0.2) lib/active_support/inflector/methods.rb:266:in `each'
activesupport (5.0.2) lib/active_support/inflector/methods.rb:266:in `inject'
activesupport (5.0.2) lib/active_support/inflector/methods.rb:266:in `constantize'
actionpack (5.0.2) lib/action_dispatch/http/request.rb:81:in `controller_class'
actionpack (5.0.2) lib/action_dispatch/routing/route_set.rb:44:in `controller'
actionpack (5.0.2) lib/action_dispatch/routing/route_set.rb:30:in `serve'
actionpack (5.0.2) lib/action_dispatch/journey/router.rb:39:in `block in serve'
actionpack (5.0.2) lib/action_dispatch/journey/router.rb:26:in `each'
actionpack (5.0.2) lib/action_dispatch/journey/router.rb:26:in `serve'
actionpack (5.0.2) lib/action_dispatch/routing/route_set.rb:725:in `call'
rack (2.0.2) lib/rack/etag.rb:25:in `call'
rack (2.0.2) lib/rack/conditional_get.rb:25:in `call'
rack (2.0.2) lib/rack/head.rb:12:in `call'
rack (2.0.2) lib/rack/session/abstract/id.rb:232:in `context'
rack (2.0.2) lib/rack/session/abstract/id.rb:226:in `call'
actionpack (5.0.2) lib/action_dispatch/middleware/cookies.rb:613:in `call'
activerecord (5.0.2) lib/active_record/migration.rb:553:in `call'
actionpack (5.0.2) lib/action_dispatch/middleware/callbacks.rb:38:in `block in call'
activesupport (5.0.2) lib/active_support/callbacks.rb:97:in `__run_callbacks__'
activesupport (5.0.2) lib/active_support/callbacks.rb:750:in `_run_call_callbacks'
activesupport (5.0.2) lib/active_support/callbacks.rb:90:in `run_callbacks'
actionpack (5.0.2) lib/action_dispatch/middleware/callbacks.rb:36:in `call'
actionpack (5.0.2) lib/action_dispatch/middleware/executor.rb:12:in `call'
actionpack (5.0.2) lib/action_dispatch/middleware/remote_ip.rb:79:in `call'
actionpack (5.0.2) lib/action_dispatch/middleware/debug_exceptions.rb:49:in `call'
web-console (3.5.0) lib/web_console/middleware.rb:135:in `call_app'
web-console (3.5.0) lib/web_console/middleware.rb:28:in `block in call'
web-console (3.5.0) lib/web_console/middleware.rb:18:in `catch'
web-console (3.5.0) lib/web_console/middleware.rb:18:in `call'
actionpack (5.0.2) lib/action_dispatch/middleware/show_exceptions.rb:31:in `call'
railties (5.0.2) lib/rails/rack/logger.rb:36:in `call_app'
railties (5.0.2) lib/rails/rack/logger.rb:24:in `block in call'
activesupport (5.0.2) lib/active_support/tagged_logging.rb:69:in `block in tagged'
activesupport (5.0.2) lib/active_support/tagged_logging.rb:26:in `tagged'
activesupport (5.0.2) lib/active_support/tagged_logging.rb:69:in `tagged'
railties (5.0.2) lib/rails/rack/logger.rb:24:in `call'
sprockets-rails (3.2.0) lib/sprockets/rails/quiet_assets.rb:13:in `call'
actionpack (5.0.2) lib/action_dispatch/middleware/request_id.rb:24:in `call'
rack (2.0.2) lib/rack/method_override.rb:22:in `call'
rack (2.0.2) lib/rack/runtime.rb:22:in `call'
activesupport (5.0.2) lib/active_support/cache/strategy/local_cache_middleware.rb:28:in `call'
actionpack (5.0.2) lib/action_dispatch/middleware/executor.rb:12:in `call'
actionpack (5.0.2) lib/action_dispatch/middleware/static.rb:136:in `call'
rack (2.0.2) lib/rack/sendfile.rb:111:in `call'
railties (5.0.2) lib/rails/engine.rb:522:in `call'
puma (3.8.2) lib/puma/configuration.rb:224:in `call'
puma (3.8.2) lib/puma/server.rb:600:in `handle_request'
puma (3.8.2) lib/puma/server.rb:435:in `process_client'
puma (3.8.2) lib/puma/server.rb:299:in `block in run'
puma (3.8.2) lib/puma/thread_pool.rb:120:in `block in spawn_thread'
  Rendering /home/kasim/.rbenv/versions/2.4.0/lib/ruby/gems/2.4.0/gems/actionpack-5.0.2/lib/action_dispatch/middleware/templates/rescues/routing_error.html.erb within rescues/layout
  Rendering /home/kasim/.rbenv/versions/2.4.0/lib/ruby/gems/2.4.0/gems/actionpack-5.0.2/lib/action_dispatch/middleware/templates/rescues/_trace.html.erb
  Rendered /home/kasim/.rbenv/versions/2.4.0/lib/ruby/gems/2.4.0/gems/actionpack-5.0.2/lib/action_dispatch/middleware/templates/rescues/_trace.html.erb (0.9ms)
  Rendered collection of /home/kasim/.rbenv/versions/2.4.0/lib/ruby/gems/2.4.0/gems/actionpack-5.0.2/lib/action_dispatch/middleware/templates/routes/_route.html.erb [17 times] (140.7ms)
  Rendered /home/kasim/.rbenv/versions/2.4.0/lib/ruby/gems/2.4.0/gems/actionpack-5.0.2/lib/action_dispatch/middleware/templates/routes/_table.html.erb (3.6ms)
  Rendering /home/kasim/.rbenv/versions/2.4.0/lib/ruby/gems/2.4.0/gems/actionpack-5.0.2/lib/action_dispatch/middleware/templates/rescues/_request_and_response.html.erb
  Rendered /home/kasim/.rbenv/versions/2.4.0/lib/ruby/gems/2.4.0/gems/actionpack-5.0.2/lib/action_dispatch/middleware/templates/rescues/_request_and_response.html.erb (1.7ms)
  Rendered /home/kasim/.rbenv/versions/2.4.0/lib/ruby/gems/2.4.0/gems/actionpack-5.0.2/lib/action_dispatch/middleware/templates/rescues/routing_error.html.erb within rescues/layout (178.1ms)
Started GET "/" for 127.0.0.1 at 2017-05-09 10:31:01 +0300
Processing by UsersController#index as HTML
  Rendering users/index.html.erb within layouts/application
  [1m[36mUser Load (0.2ms)[0m  [1m[34mSELECT "users".* FROM "users"[0m
  Rendered users/index.html.erb within layouts/application (4.7ms)
Completed 200 OK in 25ms (Views: 21.4ms | ActiveRecord: 0.5ms)


Started GET "/users" for 127.0.0.1 at 2017-05-09 11:01:36 +0300
Processing by UsersController#index as HTML
  Rendering users/index.html.erb within layouts/application
  [1m[36mUser Load (0.2ms)[0m  [1m[34mSELECT "users".* FROM "users"[0m
  Rendered users/index.html.erb within layouts/application (2.7ms)
Completed 200 OK in 23ms (Views: 20.7ms | ActiveRecord: 0.2ms)


  [1m[36mUser Load (0.3ms)[0m  [1m[34mSELECT  "users".* FROM "users" ORDER BY "users"."id" ASC LIMIT ?[0m  [["LIMIT", 1]]
  [1m[36mUser Load (0.3ms)[0m  [1m[34mSELECT  "users".* FROM "users" ORDER BY "users"."id" ASC LIMIT ? OFFSET ?[0m  [["LIMIT", 1], ["OFFSET", 1]]
